$0000: $940C:  F: goto $2F4
$0001: $02F4:  
$0002: $9518:  F: RETI
$0003: $0000:  F: NOP
$0004: $9518:  F: RETI
$0005: $0000:  F: NOP
$0006: $9518:  F: RETI
$0007: $0000:  F: NOP
$0008: $9518:  F: RETI
$0009: $0000:  F: NOP
$000A: $9518:  F: RETI
$000B: $0000:  F: NOP
$000C: $9518:  F: RETI
$000D: $0000:  F: NOP
$000E: $9518:  F: RETI
$000F: $0000:  F: NOP
$0010: $9518:  F: RETI
$0011: $0000:  F: NOP
$0012: $9518:  F: RETI
$0013: $0000:  F: NOP
$0014: $9518:  F: RETI
$0015: $0000:  F: NOP
$0016: $9518:  F: RETI
$0017: $0000:  F: NOP
$0018: $9518:  F: RETI
$0019: $0000:  F: NOP
$001A: $940C:  F: goto $349
$001B: $0349:  
$001C: $9518:  F: RETI
$001D: $0000:  F: NOP
$001E: $9518:  F: RETI
$001F: $0000:  F: NOP
$0020: $940C:  F: goto $36C
$0021: $036C:  
$0022: $9518:  F: RETI
$0023: $0000:  F: NOP
$0024: $9518:  F: RETI
$0025: $0000:  F: NOP
$0026: $9518:  F: RETI
$0027: $0000:  F: NOP
$0028: $9518:  F: RETI
$0029: $0000:  F: NOP
$002A: $9518:  F: RETI
$002B: $0000:  F: NOP
$002C: $9518:  F: RETI
$002D: $0000:  F: NOP
$002E: $9518:  F: RETI
$002F: $0000:  F: NOP
$0030: $9518:  F: RETI
$0031: $0000:  F: NOP
$0032: $9518:  F: RETI
$0033: $0000:  F: NOP
*********   C:\Users\Абай\Desktop\Диплом\Абай\DHT\1DHT(MPT).alg    ***********
-----          V: dht_end
$0034: $D019:  F: rcall $4E (dht_mid)
               F: wire_reg -> byte1  ...
$0035: $9100:     [$0107] -> r16
$0036: $0107:  
$0037: $9300:     r16 -> [$0109]
$0038: $0109:  
$0039: $D014:  F: rcall $4E (dht_mid)
               F: wire_reg -> byte2  ...
$003A: $9100:     [$0107] -> r16
$003B: $0107:  
$003C: $9300:     r16 -> [$010A]
$003D: $010A:  
$003E: $D00F:  F: rcall $4E (dht_mid)
               F: wire_reg -> byte3  ...
$003F: $9100:     [$0107] -> r16
$0040: $0107:  
$0041: $9300:     r16 -> [$010B]
$0042: $010B:  
$0043: $D00A:  F: rcall $4E (dht_mid)
               F: wire_reg -> byte4  ...
$0044: $9100:     [$0107] -> r16
$0045: $0107:  
$0046: $9300:     r16 -> [$010C]
$0047: $010C:  
$0048: $D005:  F: rcall $4E (dht_mid)
               F: wire_reg -> byte5  ...
$0049: $9100:     [$0107] -> r16
$004A: $0107:  
$004B: $9300:     r16 -> [$010D]
$004C: $010D:  
$004D: $9508:  F: RET (ret)
-----          V: dht_mid
               F: 0 -> palkan  ...
$004E: $E000:     $00 -> r16
$004F: $9300:     r16 -> [$0101]
$0050: $0101:  
               F: 0 -> wire_reg  ...
$0051: $9300:     r16 -> [$0107]
$0052: $0107:  
               F: 0 -> nn  ...
$0053: $9300:     r16 -> [$0104]
$0054: $0104:  
-----          L: 
-----          L: 
$0055: $9B30:  C: if (p$06.0=1 then SKIP (dht=0)
$0056: $C004:  C: goto $5B (RJMP) (dht=0)
               F: 0 -> nn  ...
$0057: $E000:     $00 -> r16
$0058: $9300:     r16 -> [$0104]
$0059: $0104:  
$005A: $C00F:  J: goto $6A (RJMP)
-----          L: 
               F: nn++  ...
$005B: $9100:     [$0104] -> r16
$005C: $0104:  
$005D: $9503:     r16 ++
$005E: $9300:     r16 -> [$0104]
$005F: $0104:  
               C: if (nn<=max55) then goto $0055 ...
$0060: $EE08:     $E8 -> r16
$0061: $9110:     [$0104] -> r17
$0062: $0104:  
$0063: $1701:     r16 = r17
$0064: $F780:     if ( >= ) then goto $55
               F: 4 -> fred  ...
$0065: $E004:     $04 -> r16
$0066: $9300:     r16 -> [$0116]
$0067: $0116:  
$0068: $D267:  F: rcall $2D0 (Eror)
$0069: $9508:  F: RET (ret)
-----          L: 
-----          L: 
$006A: $9930:  C: if (p$06.0=0 then SKIP (dht=1)
$006B: $C001:  C: goto $6D (RJMP) (dht=1)
$006C: $C00F:  J: goto $7C (RJMP)
-----          L: 
               F: nn++  ...
$006D: $9100:     [$0104] -> r16
$006E: $0104:  
$006F: $9503:     r16 ++
$0070: $9300:     r16 -> [$0104]
$0071: $0104:  
               C: if (nn<=max75) then goto $006A ...
$0072: $E50E:     $5E -> r16
$0073: $9110:     [$0104] -> r17
$0074: $0104:  
$0075: $1701:     r16 = r17
$0076: $F798:     if ( >= ) then goto $6A
               F: 5 -> fred  ...
$0077: $E005:     $05 -> r16
$0078: $9300:     r16 -> [$0116]
$0079: $0116:  
$007A: $D255:  F: rcall $2D0 (Eror)
$007B: $9508:  F: RET (ret)
-----          L: 
               F: <<wire_reg  ...
$007C: $9100:     [$0107] -> r16
$007D: $0107:  
$007E: $0F00:     << r16
$007F: $9300:     r16 -> [$0107]
$0080: $0107:  
               C: if (nn<max50) then goto $008A ...
$0081: $9100:     [$0104] -> r16
$0082: $0104:  
$0083: $3401:     r16 = $41
$0084: $F028:     if ( < ) then goto $8A
               F: wire_reg++  ...
$0085: $9100:     [$0107] -> r16
$0086: $0107:  
$0087: $9503:     r16 ++
$0088: $9300:     r16 -> [$0107]
$0089: $0107:  
-----          L: 
               F: palkan++  ...
$008A: $9100:     [$0101] -> r16
$008B: $0101:  
$008C: $9503:     r16 ++
$008D: $9300:     r16 -> [$0101]
$008E: $0101:  
               C: if (palkan-=8) then goto $0055 ...
$008F: $9100:     [$0101] -> r16
$0090: $0101:  
$0091: $3008:     r16 = $08
$0092: $F611:     if (Z=0) then goto $55
$0093: $9508:  F: RET (ret)
-----          V: dht_start
$0094: $9A38:  F: 1 -> p$07.0 (1 -> ddrc.0)
               F: 142 -> temp  ...
$0095: $E80E:     $8E -> r16
$0096: $2E10:     r16 -> r1
-----          L: 
$0097: $941A:  F: r1 -- (temp--)
$0098: $D21E:  F: rcall $2B7 (delay128us)
               C: if (temp-=0) then goto $0097 ...
$0099: $E010:     $00 -> r17
$009A: $1611:     r1 = r17
$009B: $F7D9:     if (Z=0) then goto $97
$009C: $9838:  F: 0 -> p$07.0 (0 -> ddrc.0)
$009D: $D225:  F: rcall $2C3 (delay40us)
               F: 0 -> fred  ...
$009E: $E000:     $00 -> r16
$009F: $9300:     r16 -> [$0116]
$00A0: $0116:  
$00A1: $9508:  F: RET (ret)
-----          V: dht_ack
               F: 0 -> nn  ...
$00A2: $E000:     $00 -> r16
$00A3: $9300:     r16 -> [$0104]
$00A4: $0104:  
$00A5: $9B30:  C: if (p$06.0=1 then SKIP (dht=0)
$00A6: $C005:  C: goto $AC (RJMP) (dht=0)
               F: 1 -> fred  ...
$00A7: $E001:     $01 -> r16
$00A8: $9300:     r16 -> [$0116]
$00A9: $0116:  
$00AA: $D225:  F: rcall $2D0 (Eror)
$00AB: $9508:  F: RET (ret)
-----          L: 
$00AC: $9930:  C: if (p$06.0=0 then SKIP (dht=1)
$00AD: $C00F:  C: goto $BD (RJMP) (dht=1)
               F: nn++  ...
$00AE: $9100:     [$0104] -> r16
$00AF: $0104:  
$00B0: $9503:     r16 ++
$00B1: $9300:     r16 -> [$0104]
$00B2: $0104:  
               C: if (nn<=max90) then goto $00AC ...
$00B3: $E701:     $71 -> r16
$00B4: $9110:     [$0104] -> r17
$00B5: $0104:  
$00B6: $1701:     r16 = r17
$00B7: $F7A0:     if ( >= ) then goto $AC
               F: 2 -> fred  ...
$00B8: $E002:     $02 -> r16
$00B9: $9300:     r16 -> [$0116]
$00BA: $0116:  
$00BB: $D214:  F: rcall $2D0 (Eror)
$00BC: $9508:  F: RET (ret)
-----          L: 
               F: 0 -> nn  ...
$00BD: $E000:     $00 -> r16
$00BE: $9300:     r16 -> [$0104]
$00BF: $0104:  
-----          L: 
$00C0: $9B30:  C: if (p$06.0=1 then SKIP (dht=0)
$00C1: $C00F:  C: goto $D1 (RJMP) (dht=0)
               F: nn++  ...
$00C2: $9100:     [$0104] -> r16
$00C3: $0104:  
$00C4: $9503:     r16 ++
$00C5: $9300:     r16 -> [$0104]
$00C6: $0104:  
               C: if (nn<=max90) then goto $00C0 ...
$00C7: $E701:     $71 -> r16
$00C8: $9110:     [$0104] -> r17
$00C9: $0104:  
$00CA: $1701:     r16 = r17
$00CB: $F7A0:     if ( >= ) then goto $C0
               F: 3 -> fred  ...
$00CC: $E003:     $03 -> r16
$00CD: $9300:     r16 -> [$0116]
$00CE: $0116:  
$00CF: $D200:  F: rcall $2D0 (Eror)
$00D0: $9508:  F: RET (ret)
-----          L: 
$00D1: $9508:  F: RET (ret)
$00D2: $D0C1:  F: rcall $194 (HMD)
               F: byte1 -> Rh  ...
$00D3: $9100:     [$0109] -> r16
$00D4: $0109:  
$00D5: $9300:     r16 -> [$0113]
$00D6: $0113:  
               F: 0 -> VV  ...
$00D7: $E000:     $00 -> r16
$00D8: $9300:     r16 -> [$0115]
$00D9: $0115:  
*********   C:\Users\Абай\Desktop\Диплом\Абай\DHT\2LCD(MPT).alg    ***********
-----          L: 
               F: VV++  ...
$00DA: $9100:     [$0115] -> r16
$00DB: $0115:  
$00DC: $9503:     r16 ++
$00DD: $9300:     r16 -> [$0115]
$00DE: $0115:  
               F: 0 -> Rhed  ...
$00DF: $E000:     $00 -> r16
$00E0: $9300:     r16 -> [$010E]
$00E1: $010E:  
               F: 0 -> Rhdec  ...
$00E2: $9300:     r16 -> [$0110]
$00E3: $0110:  
               F: 0 -> Rhsot  ...
$00E4: $9300:     r16 -> [$0112]
$00E5: $0112:  
-----          L: 
               C: if (Rh=0) then goto $010D ...
$00E6: $9100:     [$0113] -> r16
$00E7: $0113:  
$00E8: $3000:     r16 = $00
$00E9: $F119:     if (Z=1) then goto $10D
               F: Rh--  ...
$00EA: $9100:     [$0113] -> r16
$00EB: $0113:  
$00EC: $950A:     r16 --
$00ED: $9300:     r16 -> [$0113]
$00EE: $0113:  
               F: Rhed++  ...
$00EF: $9100:     [$010E] -> r16
$00F0: $010E:  
$00F1: $9503:     r16 ++
$00F2: $9300:     r16 -> [$010E]
$00F3: $010E:  
               C: if (Rhed-=$A) then goto $00E6 ...
$00F4: $9100:     [$010E] -> r16
$00F5: $010E:  
$00F6: $300A:     r16 = $0A
$00F7: $F771:     if (Z=0) then goto $E6
               F: 0 -> Rhed  ...
$00F8: $E000:     $00 -> r16
$00F9: $9300:     r16 -> [$010E]
$00FA: $010E:  
               F: Rhdec++  ...
$00FB: $9100:     [$0110] -> r16
$00FC: $0110:  
$00FD: $9503:     r16 ++
$00FE: $9300:     r16 -> [$0110]
$00FF: $0110:  
               C: if (Rhdec-=$A) then goto $00E6 ...
$0100: $9100:     [$0110] -> r16
$0101: $0110:  
$0102: $300A:     r16 = $0A
$0103: $F711:     if (Z=0) then goto $E6
               F: 0 -> Rhdec  ...
$0104: $E000:     $00 -> r16
$0105: $9300:     r16 -> [$0110]
$0106: $0110:  
               F: Rhsot++  ...
$0107: $9100:     [$0112] -> r16
$0108: $0112:  
$0109: $9503:     r16 ++
$010A: $9300:     r16 -> [$0112]
$010B: $0112:  
$010C: $CFD9:  J: goto $E6 (RJMP)
-----          L: 
               F: Rhed!$30  ...
$010D: $9100:     [$010E] -> r16
$010E: $010E:  
$010F: $6300:     r16 ! $30
$0110: $9300:     r16 -> [$010E]
$0111: $010E:  
               F: Rhdec!$30  ...
$0112: $9100:     [$0110] -> r16
$0113: $0110:  
$0114: $6300:     r16 ! $30
$0115: $9300:     r16 -> [$0110]
$0116: $0110:  
               F: Rhsot!$30  ...
$0117: $9100:     [$0112] -> r16
$0118: $0112:  
$0119: $6300:     r16 ! $30
$011A: $9300:     r16 -> [$0112]
$011B: $0112:  
$011C: $9020:  F: [$0112] -> r2 (Rhsot -> charr)
$011D: $0112:  
$011E: $D0CA:  F: rcall $1E9 (split_charr)
$011F: $D197:  F: rcall $2B7 (delay128us)
$0120: $9020:  F: [$0110] -> r2 (Rhdec -> charr)
$0121: $0110:  
$0122: $D0C6:  F: rcall $1E9 (split_charr)
$0123: $D193:  F: rcall $2B7 (delay128us)
$0124: $9020:  F: [$010E] -> r2 (Rhed -> charr)
$0125: $010E:  
$0126: $D0C2:  F: rcall $1E9 (split_charr)
$0127: $D18F:  F: rcall $2B7 (delay128us)
               F: $20 -> charr  ...
$0128: $E200:     $20 -> r16
$0129: $2E20:     r16 -> r2
$012A: $D0BE:  F: rcall $1E9 (split_charr)
$012B: $D18B:  F: rcall $2B7 (delay128us)
               F: byte2 -> Rh  ...
$012C: $9100:     [$010A] -> r16
$012D: $010A:  
$012E: $9300:     r16 -> [$0113]
$012F: $0113:  
               C: if (VV=1) then goto $00DA ...
$0130: $9100:     [$0115] -> r16
$0131: $0115:  
$0132: $3001:     r16 = $01
$0133: $F409:     if (Z=0) then goto $135
$0134: $CFA5:     goto $DA (RJMP)
               F: byte3 -> Rh  ...
$0135: $9100:     [$010B] -> r16
$0136: $010B:  
$0137: $9300:     r16 -> [$0113]
$0138: $0113:  
               C: if (VV=2) then goto $00DA ...
$0139: $9100:     [$0115] -> r16
$013A: $0115:  
$013B: $3002:     r16 = $02
$013C: $F409:     if (Z=0) then goto $13E
$013D: $CF9C:     goto $DA (RJMP)
               F: byte4 -> Rh  ...
$013E: $9100:     [$010C] -> r16
$013F: $010C:  
$0140: $9300:     r16 -> [$0113]
$0141: $0113:  
               C: if (VV=3) then goto $00DA ...
$0142: $9100:     [$0115] -> r16
$0143: $0115:  
$0144: $3003:     r16 = $03
$0145: $F409:     if (Z=0) then goto $147
$0146: $CF93:     goto $DA (RJMP)
               F: byte5 -> Rh  ...
$0147: $9100:     [$010D] -> r16
$0148: $010D:  
$0149: $9300:     r16 -> [$0113]
$014A: $0113:  
               C: if (VV=4) then goto $00DA ...
$014B: $9100:     [$0115] -> r16
$014C: $0115:  
$014D: $3004:     r16 = $04
$014E: $F409:     if (Z=0) then goto $150
$014F: $CF8A:     goto $DA (RJMP)
$0150: $9508:  F: RET (ret)
-----          V: perevod_hmd
               F: byte1 -> Rh  ...
$0151: $9100:     [$0109] -> r16
$0152: $0109:  
$0153: $9300:     r16 -> [$0113]
$0154: $0113:  
               F: Rh!$0A  ...
$0155: $9100:     [$0113] -> r16
$0156: $0113:  
$0157: $600A:     r16 ! $0A
$0158: $9300:     r16 -> [$0113]
$0159: $0113:  
               F: 0 -> Rhed  ...
$015A: $E000:     $00 -> r16
$015B: $9300:     r16 -> [$010E]
$015C: $010E:  
               F: 0 -> Rhdec  ...
$015D: $9300:     r16 -> [$0110]
$015E: $0110:  
-----          L: 
               C: if (Rh=0) then goto $0181 ...
$015F: $9100:     [$0113] -> r16
$0160: $0113:  
$0161: $3000:     r16 = $00
$0162: $F0F1:     if (Z=1) then goto $181
               F: Rh--  ...
$0163: $9100:     [$0113] -> r16
$0164: $0113:  
$0165: $950A:     r16 --
$0166: $9300:     r16 -> [$0113]
$0167: $0113:  
               F: Rhed++  ...
$0168: $9100:     [$010E] -> r16
$0169: $010E:  
$016A: $9503:     r16 ++
$016B: $9300:     r16 -> [$010E]
$016C: $010E:  
               C: if (Rhed-=$A) then goto $015F ...
$016D: $9100:     [$010E] -> r16
$016E: $010E:  
$016F: $300A:     r16 = $0A
$0170: $F771:     if (Z=0) then goto $15F
               F: 0 -> Rhed  ...
$0171: $E000:     $00 -> r16
$0172: $9300:     r16 -> [$010E]
$0173: $010E:  
               F: Rhdec++  ...
$0174: $9100:     [$0110] -> r16
$0175: $0110:  
$0176: $9503:     r16 ++
$0177: $9300:     r16 -> [$0110]
$0178: $0110:  
               C: if (Rhdec-=$A) then goto $015F ...
$0179: $9100:     [$0110] -> r16
$017A: $0110:  
$017B: $300A:     r16 = $0A
$017C: $F711:     if (Z=0) then goto $15F
               F: 0 -> Rhdec  ...
$017D: $E000:     $00 -> r16
$017E: $9300:     r16 -> [$0110]
$017F: $0110:  
$0180: $CFDE:  J: goto $15F (RJMP)
-----          L: 
               F: Rhed!$30  ...
$0181: $9100:     [$010E] -> r16
$0182: $010E:  
$0183: $6300:     r16 ! $30
$0184: $9300:     r16 -> [$010E]
$0185: $010E:  
               F: Rhdec!$30  ...
$0186: $9100:     [$0110] -> r16
$0187: $0110:  
$0188: $6300:     r16 ! $30
$0189: $9300:     r16 -> [$0110]
$018A: $0110:  
$018B: $9020:  F: [$0110] -> r2 (Rhdec -> charr)
$018C: $0110:  
$018D: $D05B:  F: rcall $1E9 (split_charr)
$018E: $D128:  F: rcall $2B7 (delay128us)
$018F: $9020:  F: [$010E] -> r2 (Rhed -> charr)
$0190: $010E:  
$0191: $D057:  F: rcall $1E9 (split_charr)
$0192: $D124:  F: rcall $2B7 (delay128us)
$0193: $9508:  F: RET (ret)
-----          V: HMD
$0194: $985B:  F: 0 -> p$0B.3 (0 -> rs)
               F: $c0 -> charr  ...
$0195: $EC00:     $C0 -> r16
$0196: $2E20:     r16 -> r2
$0197: $D051:  F: rcall $1E9 (split_charr)
$0198: $D11E:  F: rcall $2B7 (delay128us)
$0199: $9A5B:  F: 1 -> p$0B.3 (1 -> rs)
               F: $48 -> charr  ...
$019A: $E408:     $48 -> r16
$019B: $2E20:     r16 -> r2
$019C: $D04C:  F: rcall $1E9 (split_charr)
$019D: $D119:  F: rcall $2B7 (delay128us)
               F: $75 -> charr  ...
$019E: $E705:     $75 -> r16
$019F: $2E20:     r16 -> r2
$01A0: $D048:  F: rcall $1E9 (split_charr)
$01A1: $D115:  F: rcall $2B7 (delay128us)
               F: $6D -> charr  ...
$01A2: $E60D:     $6D -> r16
$01A3: $2E20:     r16 -> r2
$01A4: $D044:  F: rcall $1E9 (split_charr)
$01A5: $D111:  F: rcall $2B7 (delay128us)
               F: $69 -> charr  ...
$01A6: $E609:     $69 -> r16
$01A7: $2E20:     r16 -> r2
$01A8: $D040:  F: rcall $1E9 (split_charr)
$01A9: $D10D:  F: rcall $2B7 (delay128us)
               F: $64 -> charr  ...
$01AA: $E604:     $64 -> r16
$01AB: $2E20:     r16 -> r2
$01AC: $D03C:  F: rcall $1E9 (split_charr)
$01AD: $D109:  F: rcall $2B7 (delay128us)
               F: $69 -> charr  ...
$01AE: $E609:     $69 -> r16
$01AF: $2E20:     r16 -> r2
$01B0: $D038:  F: rcall $1E9 (split_charr)
$01B1: $D105:  F: rcall $2B7 (delay128us)
               F: $74 -> charr  ...
$01B2: $E704:     $74 -> r16
$01B3: $2E20:     r16 -> r2
$01B4: $D034:  F: rcall $1E9 (split_charr)
$01B5: $D101:  F: rcall $2B7 (delay128us)
               F: $79 -> charr  ...
$01B6: $E709:     $79 -> r16
$01B7: $2E20:     r16 -> r2
$01B8: $D030:  F: rcall $1E9 (split_charr)
$01B9: $D0FD:  F: rcall $2B7 (delay128us)
               F: $3A -> charr  ...
$01BA: $E30A:     $3A -> r16
$01BB: $2E20:     r16 -> r2
$01BC: $D02C:  F: rcall $1E9 (split_charr)
$01BD: $D0F9:  F: rcall $2B7 (delay128us)
$01BE: $DF92:  F: rcall $151 (perevod_hmd)
               F: $25 -> charr  ...
$01BF: $E205:     $25 -> r16
$01C0: $2E20:     r16 -> r2
$01C1: $D027:  F: rcall $1E9 (split_charr)
$01C2: $D0F4:  F: rcall $2B7 (delay128us)
$01C3: $9508:  F: RET (ret)
-----          V: strob_e
$01C4: $9A5A:  F: 1 -> p$0B.2 (1 -> e)
$01C5: $0000:  F: NOP (NOP)
$01C6: $0000:  F: NOP (NOP)
$01C7: $0000:  F: NOP (NOP)
$01C8: $0000:  F: NOP (NOP)
$01C9: $0000:  F: NOP (NOP)
$01CA: $0000:  F: NOP (NOP)
$01CB: $0000:  F: NOP (NOP)
$01CC: $0000:  F: NOP (NOP)
$01CD: $0000:  F: NOP (NOP)
$01CE: $0000:  F: NOP (NOP)
$01CF: $0000:  F: NOP (NOP)
$01D0: $0000:  F: NOP (NOP)
$01D1: $0000:  F: NOP (NOP)
$01D2: $0000:  F: NOP (NOP)
$01D3: $0000:  F: NOP (NOP)
$01D4: $0000:  F: NOP (NOP)
$01D5: $0000:  F: NOP (NOP)
$01D6: $0000:  F: NOP (NOP)
$01D7: $0000:  F: NOP (NOP)
$01D8: $0000:  F: NOP (NOP)
$01D9: $0000:  F: NOP (NOP)
$01DA: $0000:  F: NOP (NOP)
$01DB: $0000:  F: NOP (NOP)
$01DC: $0000:  F: NOP (NOP)
$01DD: $0000:  F: NOP (NOP)
$01DE: $0000:  F: NOP (NOP)
$01DF: $0000:  F: NOP (NOP)
$01E0: $0000:  F: NOP (NOP)
$01E1: $0000:  F: NOP (NOP)
$01E2: $0000:  F: NOP (NOP)
$01E3: $0000:  F: NOP (NOP)
$01E4: $0000:  F: NOP (NOP)
$01E5: $0000:  F: NOP (NOP)
$01E6: $0000:  F: NOP (NOP)
$01E7: $985A:  F: 0 -> p$0B.2 (0 -> e)
$01E8: $9508:  F: RET (ret)
-----          V: split_charr
$01E9: $2C12:  F: r2 -> r1 (charr -> temp)
               F: temp&$0f0  ...
$01EA: $EF10:     $F0 -> r17
$01EB: $2211:     r1 & r17
               F: portd&$0f  ...
$01EC: $B10B:     p$0B -> r16
$01ED: $700F:     r16 & $0F
$01EE: $B90B:     r16 -> p$0B
               F: portd!temp  ...
$01EF: $B10B:     p$0B -> r16
$01F0: $2901:     r16 ! r1
$01F1: $B90B:     r16 -> p$0B
$01F2: $DFD1:  F: rcall $1C4 (strob_e)
               F: charr&$0f  ...
$01F3: $E01F:     $0F -> r17
$01F4: $2221:     r2 & r17
$01F5: $0C22:  F: << r2 (<<charr)
$01F6: $0C22:  F: << r2 (<<charr)
$01F7: $0C22:  F: << r2 (<<charr)
$01F8: $0C22:  F: << r2 (<<charr)
               F: portd&$0f  ...
$01F9: $B10B:     p$0B -> r16
$01FA: $700F:     r16 & $0F
$01FB: $B90B:     r16 -> p$0B
               F: portd!charr  ...
$01FC: $B10B:     p$0B -> r16
$01FD: $2902:     r16 ! r2
$01FE: $B90B:     r16 -> p$0B
$01FF: $DFC4:  F: rcall $1C4 (strob_e)
$0200: $9508:  F: RET (ret)
-----          V: lcd_init
$0201: $985B:  F: 0 -> p$0B.3 (0 -> rs)
               F: portd&$0f  ...
$0202: $B10B:     p$0B -> r16
$0203: $700F:     r16 & $0F
$0204: $B90B:     r16 -> p$0B
               F: portd!$20  ...
$0205: $B10B:     p$0B -> r16
$0206: $6200:     r16 ! $20
$0207: $B90B:     r16 -> p$0B
$0208: $DFBB:  F: rcall $1C4 (strob_e)
$0209: $D09F:  F: rcall $2A9 (pause20)
               F: $01 -> charr  ...
$020A: $E001:     $01 -> r16
$020B: $2E20:     r16 -> r2
$020C: $DFDC:  F: rcall $1E9 (split_charr)
$020D: $D09B:  F: rcall $2A9 (pause20)
$020E: $D09A:  F: rcall $2A9 (pause20)
$020F: $D099:  F: rcall $2A9 (pause20)
$0210: $D098:  F: rcall $2A9 (pause20)
               F: $06 -> charr  ...
$0211: $E006:     $06 -> r16
$0212: $2E20:     r16 -> r2
$0213: $DFD5:  F: rcall $1E9 (split_charr)
$0214: $D094:  F: rcall $2A9 (pause20)
               F: $0c -> charr  ...
$0215: $E00C:     $0C -> r16
$0216: $2E20:     r16 -> r2
$0217: $DFD1:  F: rcall $1E9 (split_charr)
$0218: $D090:  F: rcall $2A9 (pause20)
               F: $14 -> charr  ...
$0219: $E104:     $14 -> r16
$021A: $2E20:     r16 -> r2
$021B: $DFCD:  F: rcall $1E9 (split_charr)
$021C: $D08C:  F: rcall $2A9 (pause20)
               F: $2c -> charr  ...
$021D: $E20C:     $2C -> r16
$021E: $2E20:     r16 -> r2
$021F: $DFC9:  F: rcall $1E9 (split_charr)
$0220: $D088:  F: rcall $2A9 (pause20)
               F: $40 -> charr  ...
$0221: $E400:     $40 -> r16
$0222: $2E20:     r16 -> r2
$0223: $DFC5:  F: rcall $1E9 (split_charr)
$0224: $D084:  F: rcall $2A9 (pause20)
               F: $80 -> charr  ...
$0225: $E800:     $80 -> r16
$0226: $2E20:     r16 -> r2
$0227: $DFC1:  F: rcall $1E9 (split_charr)
$0228: $D080:  F: rcall $2A9 (pause20)
$0229: $9A5B:  F: 1 -> p$0B.3 (1 -> rs)
$022A: $9508:  F: RET (ret)
-----          V: TMP
$022B: $985B:  F: 0 -> p$0B.3 (0 -> rs)
               F: $80 -> charr  ...
$022C: $E800:     $80 -> r16
$022D: $2E20:     r16 -> r2
$022E: $DFBA:  F: rcall $1E9 (split_charr)
$022F: $D087:  F: rcall $2B7 (delay128us)
$0230: $9A5B:  F: 1 -> p$0B.3 (1 -> rs)
               F: $54 -> charr  ...
$0231: $E504:     $54 -> r16
$0232: $2E20:     r16 -> r2
$0233: $DFB5:  F: rcall $1E9 (split_charr)
$0234: $D082:  F: rcall $2B7 (delay128us)
               F: $65 -> charr  ...
$0235: $E605:     $65 -> r16
$0236: $2E20:     r16 -> r2
$0237: $DFB1:  F: rcall $1E9 (split_charr)
$0238: $D07E:  F: rcall $2B7 (delay128us)
               F: $6D -> charr  ...
$0239: $E60D:     $6D -> r16
$023A: $2E20:     r16 -> r2
$023B: $DFAD:  F: rcall $1E9 (split_charr)
$023C: $D07A:  F: rcall $2B7 (delay128us)
               F: $70 -> charr  ...
$023D: $E700:     $70 -> r16
$023E: $2E20:     r16 -> r2
$023F: $DFA9:  F: rcall $1E9 (split_charr)
$0240: $D076:  F: rcall $2B7 (delay128us)
               F: $65 -> charr  ...
$0241: $E605:     $65 -> r16
$0242: $2E20:     r16 -> r2
$0243: $DFA5:  F: rcall $1E9 (split_charr)
$0244: $D072:  F: rcall $2B7 (delay128us)
               F: $72 -> charr  ...
$0245: $E702:     $72 -> r16
$0246: $2E20:     r16 -> r2
$0247: $DFA1:  F: rcall $1E9 (split_charr)
$0248: $D06E:  F: rcall $2B7 (delay128us)
               F: $61 -> charr  ...
$0249: $E601:     $61 -> r16
$024A: $2E20:     r16 -> r2
$024B: $DF9D:  F: rcall $1E9 (split_charr)
$024C: $D06A:  F: rcall $2B7 (delay128us)
               F: $74 -> charr  ...
$024D: $E704:     $74 -> r16
$024E: $2E20:     r16 -> r2
$024F: $DF99:  F: rcall $1E9 (split_charr)
$0250: $D066:  F: rcall $2B7 (delay128us)
               F: $75 -> charr  ...
$0251: $E705:     $75 -> r16
$0252: $2E20:     r16 -> r2
$0253: $DF95:  F: rcall $1E9 (split_charr)
$0254: $D062:  F: rcall $2B7 (delay128us)
               F: $72 -> charr  ...
$0255: $E702:     $72 -> r16
$0256: $2E20:     r16 -> r2
$0257: $DF91:  F: rcall $1E9 (split_charr)
$0258: $D05E:  F: rcall $2B7 (delay128us)
               F: $65 -> charr  ...
$0259: $E605:     $65 -> r16
$025A: $2E20:     r16 -> r2
$025B: $DF8D:  F: rcall $1E9 (split_charr)
$025C: $D05A:  F: rcall $2B7 (delay128us)
               F: $3A -> charr  ...
$025D: $E30A:     $3A -> r16
$025E: $2E20:     r16 -> r2
$025F: $DF89:  F: rcall $1E9 (split_charr)
$0260: $D056:  F: rcall $2B7 (delay128us)
$0261: $D009:  F: rcall $26B (perevod_tmp)
               F: $DF -> charr  ...
$0262: $ED0F:     $DF -> r16
$0263: $2E20:     r16 -> r2
$0264: $DF84:  F: rcall $1E9 (split_charr)
$0265: $D051:  F: rcall $2B7 (delay128us)
               F: $43 -> charr  ...
$0266: $E403:     $43 -> r16
$0267: $2E20:     r16 -> r2
$0268: $DF80:  F: rcall $1E9 (split_charr)
$0269: $D04D:  F: rcall $2B7 (delay128us)
$026A: $9508:  F: RET (ret)
-----          V: perevod_tmp
               F: byte3 -> Rht  ...
$026B: $9100:     [$010B] -> r16
$026C: $010B:  
$026D: $9300:     r16 -> [$0114]
$026E: $0114:  
               F: 0 -> Rhedt  ...
$026F: $E000:     $00 -> r16
$0270: $9300:     r16 -> [$010F]
$0271: $010F:  
               F: 0 -> Rhdect  ...
$0272: $9300:     r16 -> [$0111]
$0273: $0111:  
-----          L: 
               C: if (Rht=0) then goto $0296 ...
$0274: $9100:     [$0114] -> r16
$0275: $0114:  
$0276: $3000:     r16 = $00
$0277: $F0F1:     if (Z=1) then goto $296
               F: Rht--  ...
$0278: $9100:     [$0114] -> r16
$0279: $0114:  
$027A: $950A:     r16 --
$027B: $9300:     r16 -> [$0114]
$027C: $0114:  
               F: Rhedt++  ...
$027D: $9100:     [$010F] -> r16
$027E: $010F:  
$027F: $9503:     r16 ++
$0280: $9300:     r16 -> [$010F]
$0281: $010F:  
               C: if (Rhedt-=$A) then goto $0274 ...
$0282: $9100:     [$010F] -> r16
$0283: $010F:  
$0284: $300A:     r16 = $0A
$0285: $F771:     if (Z=0) then goto $274
               F: 0 -> Rhedt  ...
$0286: $E000:     $00 -> r16
$0287: $9300:     r16 -> [$010F]
$0288: $010F:  
               F: Rhdect++  ...
$0289: $9100:     [$0111] -> r16
$028A: $0111:  
$028B: $9503:     r16 ++
$028C: $9300:     r16 -> [$0111]
$028D: $0111:  
               C: if (Rhdect-=$A) then goto $0274 ...
$028E: $9100:     [$0111] -> r16
$028F: $0111:  
$0290: $300A:     r16 = $0A
$0291: $F711:     if (Z=0) then goto $274
               F: 0 -> Rhdect  ...
$0292: $E000:     $00 -> r16
$0293: $9300:     r16 -> [$0111]
$0294: $0111:  
$0295: $CFDE:  J: goto $274 (RJMP)
-----          L: 
               F: Rhedt!$30  ...
$0296: $9100:     [$010F] -> r16
$0297: $010F:  
$0298: $6300:     r16 ! $30
$0299: $9300:     r16 -> [$010F]
$029A: $010F:  
               F: Rhdect!$30  ...
$029B: $9100:     [$0111] -> r16
$029C: $0111:  
$029D: $6300:     r16 ! $30
$029E: $9300:     r16 -> [$0111]
$029F: $0111:  
$02A0: $9020:  F: [$0111] -> r2 (Rhdect -> charr)
$02A1: $0111:  
$02A2: $DF46:  F: rcall $1E9 (split_charr)
$02A3: $D013:  F: rcall $2B7 (delay128us)
$02A4: $9020:  F: [$010F] -> r2 (Rhedt -> charr)
$02A5: $010F:  
$02A6: $DF42:  F: rcall $1E9 (split_charr)
$02A7: $D00F:  F: rcall $2B7 (delay128us)
$02A8: $9508:  F: RET (ret)
*********   C:\Users\Абай\Desktop\Диплом\Абай\DHT\3Delay(MPT).alg    ***********
-----          V: pause20
               F: 0 -> palkan1  ...
$02A9: $E000:     $00 -> r16
$02AA: $9300:     r16 -> [$0102]
$02AB: $0102:  
-----          L: 
               F: palkan1++  ...
$02AC: $9100:     [$0102] -> r16
$02AD: $0102:  
$02AE: $9503:     r16 ++
$02AF: $9300:     r16 -> [$0102]
$02B0: $0102:  
$02B1: $D005:  F: rcall $2B7 (delay128us)
               C: if (palkan1-=20) then goto $02AC ...
$02B2: $9100:     [$0102] -> r16
$02B3: $0102:  
$02B4: $3104:     r16 = $14
$02B5: $F7B1:     if (Z=0) then goto $2AC
$02B6: $9508:  F: RET (ret)
-----          V: delay128us
$02B7: $E000:  S: $00 -> r16 ($00->r16)
$02B8: $BD04:  S: r16 -> p$24 (r16->TCCR0A)
$02B9: $E002:  S: $02 -> r16 ($02->r16)
$02BA: $BD05:  S: r16 -> p$25 (r16->TCCR0B)
               F: 0 -> tim0_ovr  ...
$02BB: $EF0E:     $FE -> r16
$02BC: $2200:     r0 & r16
-----          L: 
$02BD: $FE00:  C: if (r0.0=1 then SKIP (tim0_ovr=0)
$02BE: $CFFE:  C: goto $2BD (RJMP) (tim0_ovr=0)
$02BF: $E000:  S: $00 -> r16 ($00->r16)
$02C0: $BD04:  S: r16 -> p$24 (r16->TCCR0A)
$02C1: $BD05:  S: r16 -> p$25 (r16->TCCR0B)
$02C2: $9508:  F: RET (ret)
-----          V: delay40us
               F: 0 -> palkan  ...
$02C3: $E000:     $00 -> r16
$02C4: $9300:     r16 -> [$0101]
$02C5: $0101:  
-----          L: 
               F: palkan++  ...
$02C6: $9100:     [$0101] -> r16
$02C7: $0101:  
$02C8: $9503:     r16 ++
$02C9: $9300:     r16 -> [$0101]
$02CA: $0101:  
               C: if (palkan-=62) then goto $02C6 ...
$02CB: $9100:     [$0101] -> r16
$02CC: $0101:  
$02CD: $330E:     r16 = $3E
$02CE: $F7B9:     if (Z=0) then goto $2C6
$02CF: $9508:  F: RET (ret)
-----          V: Eror
               F: $45 -> charr  ...
$02D0: $E405:     $45 -> r16
$02D1: $2E20:     r16 -> r2
$02D2: $DF16:  F: rcall $1E9 (split_charr)
$02D3: $DFE3:  F: rcall $2B7 (delay128us)
               F: $72 -> charr  ...
$02D4: $E702:     $72 -> r16
$02D5: $2E20:     r16 -> r2
$02D6: $DF12:  F: rcall $1E9 (split_charr)
$02D7: $DFDF:  F: rcall $2B7 (delay128us)
               F: $72 -> charr  ...
$02D8: $E702:     $72 -> r16
$02D9: $2E20:     r16 -> r2
$02DA: $DF0E:  F: rcall $1E9 (split_charr)
$02DB: $DFDB:  F: rcall $2B7 (delay128us)
               F: $6f -> charr  ...
$02DC: $E60F:     $6F -> r16
$02DD: $2E20:     r16 -> r2
$02DE: $DF0A:  F: rcall $1E9 (split_charr)
$02DF: $DFD7:  F: rcall $2B7 (delay128us)
               F: $72 -> charr  ...
$02E0: $E702:     $72 -> r16
$02E1: $2E20:     r16 -> r2
$02E2: $DF06:  F: rcall $1E9 (split_charr)
$02E3: $DFD3:  F: rcall $2B7 (delay128us)
               F: fred+$30  ...
$02E4: $9100:     [$0116] -> r16
$02E5: $0116:  
$02E6: $5D00:     r16 - $D0
$02E7: $9300:     r16 -> [$0116]
$02E8: $0116:  
$02E9: $9020:  F: [$0116] -> r2 (fred -> charr)
$02EA: $0116:  
$02EB: $DEFD:  F: rcall $1E9 (split_charr)
$02EC: $DFCA:  F: rcall $2B7 (delay128us)
               F: $20 -> charr  ...
$02ED: $E200:     $20 -> r16
$02EE: $2E20:     r16 -> r2
$02EF: $DEF9:  F: rcall $1E9 (split_charr)
$02F0: $DFC6:  F: rcall $2B7 (delay128us)
               F: 1 -> Error  ...
$02F1: $E004:     $04 -> r16
$02F2: $2A00:     r0 ! r16
$02F3: $9508:  F: RET (ret)
*********   C:\Users\Абай\Desktop\Диплом\Абай\DHT\MPT.alp    ***********
-----          V: Reset
$02F4: $94F8:  F: 0 -> I (0 -> i)
$02F5: $EF0F:  S: $FF -> r16 ($FF->r16)
$02F6: $BF0D:  S: r16 -> p$3D (r16->p61)
$02F7: $E008:  S: $08 -> r16 ($08->r16)
$02F8: $BF0E:  S: r16 -> p$3E (r16->p62)
$02F9: $E000:  S: $00 -> r16 ($00->r16)
$02FA: $9300:  S: r16 -> [$0082] (r16->TCCR1C)
$02FB: $0082:  
$02FC: $9300:  S: r16 -> [$0080] (r16->TCCR1A)
$02FD: $0080:  
$02FE: $E004:  S: $04 -> r16 ($04->r16)
$02FF: $9300:  S: r16 -> [$0081] (r16->TCCR1B)
$0300: $0081:  
$0301: $E000:  S: $00 -> r16 ($00->r16)
$0302: $BD04:  S: r16 -> p$24 (r16->TCCR0A)
$0303: $BD05:  S: r16 -> p$25 (r16->TCCR0B)
$0304: $9300:  S: r16 -> [$0070] (r16->TIMSK2)
$0305: $0070:  
$0306: $E001:  S: $01 -> r16 ($01->r16)
$0307: $9300:  S: r16 -> [$006F] (r16->TIMSK1)
$0308: $006F:  
$0309: $9300:  S: r16 -> [$006E] (r16->TIMSK0)
$030A: $006E:  
$030B: $E000:  S: $00 -> r16 ($00->r16)
$030C: $9300:  S: r16 -> [$00C5] (r16->UBRR0H)
$030D: $00C5:  
$030E: $E607:  S: $67 -> r16 ($67->r16)
$030F: $9300:  S: r16 -> [$00C4] (r16->UBRR0L)
$0310: $00C4:  
$0311: $E00E:  S: $0E -> r16 ($0E->r16)
$0312: $9300:  S: r16 -> [$00C2] (r16->UCSR0C)
$0313: $00C2:  
$0314: $E400:  S: $40 -> r16 ($40->r16)
$0315: $9300:  S: r16 -> [$00C0] (r16->UCSR0A)
$0316: $00C0:  
$0317: $E109:  S: $19 -> r16 ($19->r16)
$0318: $9300:  S: r16 -> [$00C1] (r16->UCSR0B)
$0319: $00C1:  
               F: ddrd|$03  ...
$031A: $B10A:     p$0A -> r16
$031B: $5004:     r16 - $04
$031C: $B90A:     r16 -> p$0A
$031D: $9840:  F: 0 -> p$08.0 (0 -> portc.0)
               F: 0 -> lcd  ...
$031E: $E000:     $00 -> r16
$031F: $9300:     r16 -> [$0108]
$0320: $0108:  
               F: nnn -> UDR0  ...
$0321: $9100:     [$0100] -> r16
$0322: $0100:  
$0323: $9300:     r16 -> [$00C6]
$0324: $00C6:  
-----          L: 
$0325: $9838:  F: 0 -> p$07.0 (0 -> ddrc.0)
$0326: $9478:  F: 1 -> I (1 -> i)
               F: 0 -> nnn  ...
$0327: $E000:     $00 -> r16
$0328: $9300:     r16 -> [$0100]
$0329: $0100:  
               C: if (lcd-=0) then goto $0334 ...
$032A: $9100:     [$0108] -> r16
$032B: $0108:  
$032C: $3000:     r16 = $00
$032D: $F431:     if (Z=0) then goto $334
               F: lcd++  ...
$032E: $9100:     [$0108] -> r16
$032F: $0108:  
$0330: $9503:     r16 ++
$0331: $9300:     r16 -> [$0108]
$0332: $0108:  
$0333: $DECD:  F: rcall $201 (lcd_init)
-----          L: 
-----          L: 
               C: if (nnn-=1) then goto $0334 ...
$0334: $9100:     [$0100] -> r16
$0335: $0100:  
$0336: $3001:     r16 = $01
$0337: $F7E1:     if (Z=0) then goto $334
$0338: $DD5B:  F: rcall $94 (dht_start)
               F: 0 -> error  ...
$0339: $EF0B:     $FB -> r16
$033A: $2200:     r0 & r16
$033B: $DD66:  F: rcall $A2 (dht_ack)
$033C: $FC02:  C: if (r0.2=0 then SKIP (error=1)
$033D: $CFF6:  C: goto $334 (RJMP) (error=1)
$033E: $DCF5:  F: rcall $34 (dht_end)
$033F: $DEEB:  F: rcall $22B (TMP)
$0340: $DE53:  F: rcall $194 (HMD)
$0341: $D00D:  F: rcall $34F (export)
               F: 0 -> nn  ...
$0342: $E000:     $00 -> r16
$0343: $9300:     r16 -> [$0104]
$0344: $0104:  
               F: 1 -> lcd  ...
$0345: $E001:     $01 -> r16
$0346: $9300:     r16 -> [$0108]
$0347: $0108:  
-----          L: 
$0348: $CFDC:  J: goto $325 (RJMP)
-----          V: Timer_1_Overflow
               F: nnn++  ...
$0349: $9100:     [$0100] -> r16
$034A: $0100:  
$034B: $9503:     r16 ++
$034C: $9300:     r16 -> [$0100]
$034D: $0100:  
$034E: $9518:  F: RETI (reti)
-----          V: export
-----          L: 
               C: if (TXC0=0) then goto $034F ...
$034F: $9100:     [$00C0] -> r16
$0350: $00C0:  
$0351: $FF06:     if (r16.6=1 then SKIP
$0352: $CFFC:     goto $34F (RJMP)
               F: Rhdec -> UDR0  ...
$0353: $9100:     [$0110] -> r16
$0354: $0110:  
$0355: $9300:     r16 -> [$00C6]
$0356: $00C6:  
               F: Rhed -> UDR0  ...
$0357: $9100:     [$010E] -> r16
$0358: $010E:  
$0359: $9300:     r16 -> [$00C6]
$035A: $00C6:  
-----          L: 
               C: if (UDRE0=0) then goto $035B ...
$035B: $9100:     [$00C0] -> r16
$035C: $00C0:  
$035D: $FF05:     if (r16.5=1 then SKIP
$035E: $CFFC:     goto $35B (RJMP)
               F: Rhdect -> UDR0  ...
$035F: $9100:     [$0111] -> r16
$0360: $0111:  
$0361: $9300:     r16 -> [$00C6]
$0362: $00C6:  
-----          L: 
               C: if (UDRE0=0) then goto $0363 ...
$0363: $9100:     [$00C0] -> r16
$0364: $00C0:  
$0365: $FF05:     if (r16.5=1 then SKIP
$0366: $CFFC:     goto $363 (RJMP)
               F: Rhedt -> UDR0  ...
$0367: $9100:     [$010F] -> r16
$0368: $010F:  
$0369: $9300:     r16 -> [$00C6]
$036A: $00C6:  
$036B: $9508:  F: RET (ret)
-----          V: Timer_0_Overflow
               F: 1 -> tim0_ovr  ...
$036C: $E001:     $01 -> r16
$036D: $2A00:     r0 ! r16
$036E: $9518:  F: RETI (reti)
