$0000: $940C:  F: goto $34
$0001: $0034:  
$0002: $9518:  F: RETI
$0003: $0000:  F: NOP
$0004: $9518:  F: RETI
$0005: $0000:  F: NOP
$0006: $9518:  F: RETI
$0007: $0000:  F: NOP
$0008: $9518:  F: RETI
$0009: $0000:  F: NOP
$000A: $9518:  F: RETI
$000B: $0000:  F: NOP
$000C: $9518:  F: RETI
$000D: $0000:  F: NOP
$000E: $9518:  F: RETI
$000F: $0000:  F: NOP
$0010: $9518:  F: RETI
$0011: $0000:  F: NOP
$0012: $9518:  F: RETI
$0013: $0000:  F: NOP
$0014: $9518:  F: RETI
$0015: $0000:  F: NOP
$0016: $9518:  F: RETI
$0017: $0000:  F: NOP
$0018: $9518:  F: RETI
$0019: $0000:  F: NOP
$001A: $940C:  F: goto $71
$001B: $0071:  
$001C: $9518:  F: RETI
$001D: $0000:  F: NOP
$001E: $9518:  F: RETI
$001F: $0000:  F: NOP
$0020: $940C:  F: goto $6E
$0021: $006E:  
$0022: $9518:  F: RETI
$0023: $0000:  F: NOP
$0024: $9518:  F: RETI
$0025: $0000:  F: NOP
$0026: $9518:  F: RETI
$0027: $0000:  F: NOP
$0028: $9518:  F: RETI
$0029: $0000:  F: NOP
$002A: $9518:  F: RETI
$002B: $0000:  F: NOP
$002C: $9518:  F: RETI
$002D: $0000:  F: NOP
$002E: $9518:  F: RETI
$002F: $0000:  F: NOP
$0030: $9518:  F: RETI
$0031: $0000:  F: NOP
$0032: $9518:  F: RETI
$0033: $0000:  F: NOP
*********   C:\Users\Абай\Desktop\ТПУ\Торгаев\Курсач\Программа\Double_DHT\Dounle_DHT.alp    ***********
-----          V: Reset
$0034: $94F8:  F: 0 -> I (0 -> i)
$0035: $EF0F:  S: $FF -> r16 ($FF->r16)
$0036: $BF0D:  S: r16 -> p$3D (r16->p61)
$0037: $E008:  S: $08 -> r16 ($08->r16)
$0038: $BF0E:  S: r16 -> p$3E (r16->p62)
$0039: $E000:  S: $00 -> r16 ($00->r16)
$003A: $9300:  S: r16 -> [$0082] (r16->TCCR1C)
$003B: $0082:  
$003C: $9300:  S: r16 -> [$0080] (r16->TCCR1A)
$003D: $0080:  
$003E: $E004:  S: $04 -> r16 ($04->r16)
$003F: $9300:  S: r16 -> [$0081] (r16->TCCR1B)
$0040: $0081:  
$0041: $E000:  S: $00 -> r16 ($00->r16)
$0042: $BD04:  S: r16 -> p$24 (r16->TCCR0A)
$0043: $BD05:  S: r16 -> p$25 (r16->TCCR0B)
$0044: $9300:  S: r16 -> [$0070] (r16->TIMSK2)
$0045: $0070:  
$0046: $E001:  S: $01 -> r16 ($01->r16)
$0047: $9300:  S: r16 -> [$006F] (r16->TIMSK1)
$0048: $006F:  
$0049: $9300:  S: r16 -> [$006E] (r16->TIMSK0)
$004A: $006E:  
$004B: $E000:  S: $00 -> r16 ($00->r16)
$004C: $9300:  S: r16 -> [$00C5] (r16->UBRR0H)
$004D: $00C5:  
$004E: $E607:  S: $67 -> r16 ($67->r16)
$004F: $9300:  S: r16 -> [$00C4] (r16->UBRR0L)
$0050: $00C4:  
$0051: $E006:  S: $06 -> r16 ($06->r16)
$0052: $9300:  S: r16 -> [$00C2] (r16->UCSR0C)
$0053: $00C2:  
$0054: $E400:  S: $40 -> r16 ($40->r16)
$0055: $9300:  S: r16 -> [$00C0] (r16->UCSR0A)
$0056: $00C0:  
$0057: $E109:  S: $19 -> r16 ($19->r16)
$0058: $9300:  S: r16 -> [$00C1] (r16->UCSR0B)
$0059: $00C1:  
               F: ddrd!$03  ...
$005A: $B10A:     p$0A -> r16
$005B: $6003:     r16 ! $03
$005C: $B90A:     r16 -> p$0A
$005D: $9840:  F: 0 -> p$08.0 (0 -> portc.0)
$005E: $9838:  F: 0 -> p$07.0 (0 -> ddrc.0)
$005F: $9478:  F: 1 -> I (1 -> i)
$0060: $D0A6:  F: rcall $107 (lcd_init)
-----          L: 
               C: if (nnn-=0) then goto $0061 ...
$0061: $9100:     [$0102] -> r16
$0062: $0102:  
$0063: $3000:     r16 = $00
$0064: $F7E1:     if (Z=0) then goto $61
$0065: $D015:  F: rcall $7B (dht_start)
$0066: $D01F:  F: rcall $86 (dht_ack)
$0067: $D085:  F: rcall $ED (dht_end)
$0068: $D149:  F: rcall $1B2 (TMP)
$0069: $D104:  F: rcall $16E (HMD)
               F: 0 -> nn  ...
$006A: $E000:     $00 -> r16
$006B: $9300:     r16 -> [$0103]
$006C: $0103:  
-----          L: 
$006D: $CFFF:  J: goto $6D (RJMP)
-----          V: Timer_0_Overflow
               F: 1 -> tim0_ovr  ...
$006E: $E001:     $01 -> r16
$006F: $2A00:     r0 ! r16
$0070: $9518:  F: RETI (reti)
-----          V: Timer_1_Overflow
               F: nnn++  ...
$0071: $9100:     [$0102] -> r16
$0072: $0102:  
$0073: $9503:     r16 ++
$0074: $9300:     r16 -> [$0102]
$0075: $0102:  
               F: nnn -> UDR0  ...
$0076: $9100:     [$0102] -> r16
$0077: $0102:  
$0078: $9300:     r16 -> [$00C6]
$0079: $00C6:  
$007A: $9518:  F: RETI (reti)
-----          V: dht_start
$007B: $9A38:  F: 1 -> p$07.0 (1 -> ddrc.0)
               F: 142 -> temp  ...
$007C: $E80E:     $8E -> r16
$007D: $2E10:     r16 -> r1
-----          L: 
$007E: $941A:  F: r1 -- (temp--)
$007F: $D184:  F: rcall $204 (delay128us)
               C: if (temp-=0) then goto $007E ...
$0080: $E010:     $00 -> r17
$0081: $1611:     r1 = r17
$0082: $F7D9:     if (Z=0) then goto $7E
$0083: $9838:  F: 0 -> p$07.0 (0 -> ddrc.0)
$0084: $D18B:  F: rcall $210 (delay40us)
$0085: $9508:  F: RET (ret)
-----          V: dht_ack
               F: 0 -> nn  ...
$0086: $E000:     $00 -> r16
$0087: $9300:     r16 -> [$0103]
$0088: $0103:  
$0089: $9B30:  C: if (p$06.0=1 then SKIP (dht=0)
$008A: $C002:  C: goto $8D (RJMP) (dht=0)
$008B: $D191:  F: rcall $21D (Eror)
$008C: $9508:  F: RET (ret)
-----          L: 
$008D: $9930:  C: if (p$06.0=0 then SKIP (dht=1)
$008E: $C00C:  C: goto $9B (RJMP) (dht=1)
               F: nn++  ...
$008F: $9100:     [$0103] -> r16
$0090: $0103:  
$0091: $9503:     r16 ++
$0092: $9300:     r16 -> [$0103]
$0093: $0103:  
               C: if (nn<=max90) then goto $008D ...
$0094: $E701:     $71 -> r16
$0095: $9110:     [$0103] -> r17
$0096: $0103:  
$0097: $1701:     r16 = r17
$0098: $F7A0:     if ( >= ) then goto $8D
$0099: $D183:  F: rcall $21D (Eror)
$009A: $9508:  F: RET (ret)
-----          L: 
               F: 0 -> nn  ...
$009B: $E000:     $00 -> r16
$009C: $9300:     r16 -> [$0103]
$009D: $0103:  
-----          L: 
$009E: $9B30:  C: if (p$06.0=1 then SKIP (dht=0)
$009F: $C00C:  C: goto $AC (RJMP) (dht=0)
               F: nn++  ...
$00A0: $9100:     [$0103] -> r16
$00A1: $0103:  
$00A2: $9503:     r16 ++
$00A3: $9300:     r16 -> [$0103]
$00A4: $0103:  
               C: if (nn<=max90) then goto $009E ...
$00A5: $E701:     $71 -> r16
$00A6: $9110:     [$0103] -> r17
$00A7: $0103:  
$00A8: $1701:     r16 = r17
$00A9: $F7A0:     if ( >= ) then goto $9E
$00AA: $D172:  F: rcall $21D (Eror)
$00AB: $9508:  F: RET (ret)
-----          L: 
$00AC: $9508:  F: RET (ret)
-----          V: dht_mid
               F: 0 -> palkan  ...
$00AD: $E000:     $00 -> r16
$00AE: $9300:     r16 -> [$0100]
$00AF: $0100:  
               F: 0 -> wire_reg  ...
$00B0: $9300:     r16 -> [$0104]
$00B1: $0104:  
               F: 0 -> nn  ...
$00B2: $9300:     r16 -> [$0103]
$00B3: $0103:  
-----          L: 
-----          L: 
$00B4: $9B30:  C: if (p$06.0=1 then SKIP (dht=0)
$00B5: $C004:  C: goto $BA (RJMP) (dht=0)
               F: 0 -> nn  ...
$00B6: $E000:     $00 -> r16
$00B7: $9300:     r16 -> [$0103]
$00B8: $0103:  
$00B9: $C00C:  J: goto $C6 (RJMP)
-----          L: 
               F: nn++  ...
$00BA: $9100:     [$0103] -> r16
$00BB: $0103:  
$00BC: $9503:     r16 ++
$00BD: $9300:     r16 -> [$0103]
$00BE: $0103:  
               C: if (nn<=max55) then goto $00B4 ...
$00BF: $EE08:     $E8 -> r16
$00C0: $9110:     [$0103] -> r17
$00C1: $0103:  
$00C2: $1701:     r16 = r17
$00C3: $F780:     if ( >= ) then goto $B4
$00C4: $D158:  F: rcall $21D (Eror)
$00C5: $9508:  F: RET (ret)
-----          L: 
$00C6: $9930:  C: if (p$06.0=0 then SKIP (dht=1)
$00C7: $C001:  C: goto $C9 (RJMP) (dht=1)
$00C8: $C00C:  J: goto $D5 (RJMP)
-----          L: 
               F: nn++  ...
$00C9: $9100:     [$0103] -> r16
$00CA: $0103:  
$00CB: $9503:     r16 ++
$00CC: $9300:     r16 -> [$0103]
$00CD: $0103:  
               C: if (nn<=max75) then goto $00C6 ...
$00CE: $E50E:     $5E -> r16
$00CF: $9110:     [$0103] -> r17
$00D0: $0103:  
$00D1: $1701:     r16 = r17
$00D2: $F798:     if ( >= ) then goto $C6
$00D3: $D149:  F: rcall $21D (Eror)
$00D4: $9508:  F: RET (ret)
-----          L: 
               F: <<wire_reg  ...
$00D5: $9100:     [$0104] -> r16
$00D6: $0104:  
$00D7: $0F00:     << r16
$00D8: $9300:     r16 -> [$0104]
$00D9: $0104:  
               C: if (nn<max50) then goto $00E3 ...
$00DA: $9100:     [$0103] -> r16
$00DB: $0103:  
$00DC: $330F:     r16 = $3F
$00DD: $F028:     if ( < ) then goto $E3
               F: wire_reg++  ...
$00DE: $9100:     [$0104] -> r16
$00DF: $0104:  
$00E0: $9503:     r16 ++
$00E1: $9300:     r16 -> [$0104]
$00E2: $0104:  
-----          L: 
               F: palkan++  ...
$00E3: $9100:     [$0100] -> r16
$00E4: $0100:  
$00E5: $9503:     r16 ++
$00E6: $9300:     r16 -> [$0100]
$00E7: $0100:  
               C: if (palkan-=8) then goto $00B4 ...
$00E8: $9100:     [$0100] -> r16
$00E9: $0100:  
$00EA: $3008:     r16 = $08
$00EB: $F641:     if (Z=0) then goto $B4
$00EC: $9508:  F: RET (ret)
-----          V: dht_end
$00ED: $DFBF:  F: rcall $AD (dht_mid)
               F: wire_reg -> byte1  ...
$00EE: $9100:     [$0104] -> r16
$00EF: $0104:  
$00F0: $9300:     r16 -> [$0105]
$00F1: $0105:  
$00F2: $DFBA:  F: rcall $AD (dht_mid)
               F: wire_reg -> byte2  ...
$00F3: $9100:     [$0104] -> r16
$00F4: $0104:  
$00F5: $9300:     r16 -> [$0106]
$00F6: $0106:  
$00F7: $DFB5:  F: rcall $AD (dht_mid)
               F: wire_reg -> byte3  ...
$00F8: $9100:     [$0104] -> r16
$00F9: $0104:  
$00FA: $9300:     r16 -> [$0107]
$00FB: $0107:  
$00FC: $DFB0:  F: rcall $AD (dht_mid)
               F: wire_reg -> byte4  ...
$00FD: $9100:     [$0104] -> r16
$00FE: $0104:  
$00FF: $9300:     r16 -> [$0108]
$0100: $0108:  
$0101: $DFAB:  F: rcall $AD (dht_mid)
               F: wire_reg -> byte5  ...
$0102: $9100:     [$0104] -> r16
$0103: $0104:  
$0104: $9300:     r16 -> [$0109]
$0105: $0109:  
$0106: $9508:  F: RET (ret)
-----          V: lcd_init
$0107: $985B:  F: 0 -> p$0B.3 (0 -> rs)
               F: portd&$0f  ...
$0108: $B10B:     p$0B -> r16
$0109: $700F:     r16 & $0F
$010A: $B90B:     r16 -> p$0B
               F: portd!$20  ...
$010B: $B10B:     p$0B -> r16
$010C: $6200:     r16 ! $20
$010D: $B90B:     r16 -> p$0B
$010E: $D03A:  F: rcall $149 (strob_e)
$010F: $D0E6:  F: rcall $1F6 (pause20)
               F: $01 -> charr  ...
$0110: $E001:     $01 -> r16
$0111: $2E20:     r16 -> r2
$0112: $D01E:  F: rcall $131 (split_charr)
$0113: $D0E2:  F: rcall $1F6 (pause20)
$0114: $D0E1:  F: rcall $1F6 (pause20)
$0115: $D0E0:  F: rcall $1F6 (pause20)
$0116: $D0DF:  F: rcall $1F6 (pause20)
               F: $06 -> charr  ...
$0117: $E006:     $06 -> r16
$0118: $2E20:     r16 -> r2
$0119: $D017:  F: rcall $131 (split_charr)
$011A: $D0DB:  F: rcall $1F6 (pause20)
               F: $0c -> charr  ...
$011B: $E00C:     $0C -> r16
$011C: $2E20:     r16 -> r2
$011D: $D013:  F: rcall $131 (split_charr)
$011E: $D0D7:  F: rcall $1F6 (pause20)
               F: $14 -> charr  ...
$011F: $E104:     $14 -> r16
$0120: $2E20:     r16 -> r2
$0121: $D00F:  F: rcall $131 (split_charr)
$0122: $D0D3:  F: rcall $1F6 (pause20)
               F: $c -> charr  ...
$0123: $E00C:     $0C -> r16
$0124: $2E20:     r16 -> r2
$0125: $D00B:  F: rcall $131 (split_charr)
$0126: $D0CF:  F: rcall $1F6 (pause20)
               F: $40 -> charr  ...
$0127: $E400:     $40 -> r16
$0128: $2E20:     r16 -> r2
$0129: $D007:  F: rcall $131 (split_charr)
$012A: $D0CB:  F: rcall $1F6 (pause20)
               F: $80 -> charr  ...
$012B: $E800:     $80 -> r16
$012C: $2E20:     r16 -> r2
$012D: $D003:  F: rcall $131 (split_charr)
$012E: $D0C7:  F: rcall $1F6 (pause20)
$012F: $9A5B:  F: 1 -> p$0B.3 (1 -> rs)
$0130: $9508:  F: RET (ret)
-----          V: split_charr
$0131: $2C12:  F: r2 -> r1 (charr -> temp)
               F: temp&$0f0  ...
$0132: $EF10:     $F0 -> r17
$0133: $2211:     r1 & r17
               F: portd&$0f  ...
$0134: $B10B:     p$0B -> r16
$0135: $700F:     r16 & $0F
$0136: $B90B:     r16 -> p$0B
               F: portd!temp  ...
$0137: $B10B:     p$0B -> r16
$0138: $2901:     r16 ! r1
$0139: $B90B:     r16 -> p$0B
$013A: $D00E:  F: rcall $149 (strob_e)
               F: charr&$0f  ...
$013B: $E01F:     $0F -> r17
$013C: $2221:     r2 & r17
$013D: $0C22:  F: << r2 (<<charr)
$013E: $0C22:  F: << r2 (<<charr)
$013F: $0C22:  F: << r2 (<<charr)
$0140: $0C22:  F: << r2 (<<charr)
               F: portd&$0f  ...
$0141: $B10B:     p$0B -> r16
$0142: $700F:     r16 & $0F
$0143: $B90B:     r16 -> p$0B
               F: portd!charr  ...
$0144: $B10B:     p$0B -> r16
$0145: $2902:     r16 ! r2
$0146: $B90B:     r16 -> p$0B
$0147: $D001:  F: rcall $149 (strob_e)
$0148: $9508:  F: RET (ret)
-----          V: strob_e
$0149: $9A5A:  F: 1 -> p$0B.2 (1 -> e)
$014A: $0000:  F: NOP (NOP)
$014B: $0000:  F: NOP (NOP)
$014C: $0000:  F: NOP (NOP)
$014D: $0000:  F: NOP (NOP)
$014E: $0000:  F: NOP (NOP)
$014F: $0000:  F: NOP (NOP)
$0150: $0000:  F: NOP (NOP)
$0151: $0000:  F: NOP (NOP)
$0152: $0000:  F: NOP (NOP)
$0153: $0000:  F: NOP (NOP)
$0154: $0000:  F: NOP (NOP)
$0155: $0000:  F: NOP (NOP)
$0156: $0000:  F: NOP (NOP)
$0157: $0000:  F: NOP (NOP)
$0158: $0000:  F: NOP (NOP)
$0159: $0000:  F: NOP (NOP)
$015A: $0000:  F: NOP (NOP)
$015B: $0000:  F: NOP (NOP)
$015C: $0000:  F: NOP (NOP)
$015D: $0000:  F: NOP (NOP)
$015E: $0000:  F: NOP (NOP)
$015F: $0000:  F: NOP (NOP)
$0160: $0000:  F: NOP (NOP)
$0161: $0000:  F: NOP (NOP)
$0162: $0000:  F: NOP (NOP)
$0163: $0000:  F: NOP (NOP)
$0164: $0000:  F: NOP (NOP)
$0165: $0000:  F: NOP (NOP)
$0166: $0000:  F: NOP (NOP)
$0167: $0000:  F: NOP (NOP)
$0168: $0000:  F: NOP (NOP)
$0169: $0000:  F: NOP (NOP)
$016A: $0000:  F: NOP (NOP)
$016B: $0000:  F: NOP (NOP)
$016C: $985A:  F: 0 -> p$0B.2 (0 -> e)
$016D: $9508:  F: RET (ret)
-----          V: HMD
$016E: $985B:  F: 0 -> p$0B.3 (0 -> rs)
               F: $80 -> charr  ...
$016F: $E800:     $80 -> r16
$0170: $2E20:     r16 -> r2
$0171: $DFBF:  F: rcall $131 (split_charr)
$0172: $D091:  F: rcall $204 (delay128us)
$0173: $9A5B:  F: 1 -> p$0B.3 (1 -> rs)
               F: byte3 -> RH  ...
$0174: $9100:     [$0107] -> r16
$0175: $0107:  
$0176: $9300:     r16 -> [$010C]
$0177: $010C:  
               F: 0 -> Rhed  ...
$0178: $E000:     $00 -> r16
$0179: $9300:     r16 -> [$010A]
$017A: $010A:  
               F: 0 -> Rhdec  ...
$017B: $9300:     r16 -> [$010B]
$017C: $010B:  
-----          L: 
               C: if (Rh=0) then goto $019F ...
$017D: $9100:     [$010C] -> r16
$017E: $010C:  
$017F: $3000:     r16 = $00
$0180: $F0F1:     if (Z=1) then goto $19F
               F: Rh--  ...
$0181: $9100:     [$010C] -> r16
$0182: $010C:  
$0183: $950A:     r16 --
$0184: $9300:     r16 -> [$010C]
$0185: $010C:  
               F: Rhed++  ...
$0186: $9100:     [$010A] -> r16
$0187: $010A:  
$0188: $9503:     r16 ++
$0189: $9300:     r16 -> [$010A]
$018A: $010A:  
               C: if (Rhed-=$A) then goto $017D ...
$018B: $9100:     [$010A] -> r16
$018C: $010A:  
$018D: $300A:     r16 = $0A
$018E: $F771:     if (Z=0) then goto $17D
               F: 0 -> Rhed  ...
$018F: $E000:     $00 -> r16
$0190: $9300:     r16 -> [$010A]
$0191: $010A:  
               F: Rhdec++  ...
$0192: $9100:     [$010B] -> r16
$0193: $010B:  
$0194: $9503:     r16 ++
$0195: $9300:     r16 -> [$010B]
$0196: $010B:  
               C: if (Rhdec-=$A) then goto $017D ...
$0197: $9100:     [$010B] -> r16
$0198: $010B:  
$0199: $300A:     r16 = $0A
$019A: $F711:     if (Z=0) then goto $17D
               F: 0 -> Rhdec  ...
$019B: $E000:     $00 -> r16
$019C: $9300:     r16 -> [$010B]
$019D: $010B:  
$019E: $CFDE:  J: goto $17D (RJMP)
-----          L: 
               F: Rhed!$30  ...
$019F: $9100:     [$010A] -> r16
$01A0: $010A:  
$01A1: $6300:     r16 ! $30
$01A2: $9300:     r16 -> [$010A]
$01A3: $010A:  
               F: Rhdec!$30  ...
$01A4: $9100:     [$010B] -> r16
$01A5: $010B:  
$01A6: $6300:     r16 ! $30
$01A7: $9300:     r16 -> [$010B]
$01A8: $010B:  
$01A9: $9020:  F: [$010B] -> r2 (Rhdec -> charr)
$01AA: $010B:  
$01AB: $DF85:  F: rcall $131 (split_charr)
$01AC: $D057:  F: rcall $204 (delay128us)
$01AD: $9020:  F: [$010A] -> r2 (Rhed -> charr)
$01AE: $010A:  
$01AF: $DF81:  F: rcall $131 (split_charr)
$01B0: $D053:  F: rcall $204 (delay128us)
$01B1: $9508:  F: RET (ret)
-----          V: TMP
$01B2: $985B:  F: 0 -> p$0B.3 (0 -> rs)
               F: $c0 -> charr  ...
$01B3: $EC00:     $C0 -> r16
$01B4: $2E20:     r16 -> r2
$01B5: $DF7B:  F: rcall $131 (split_charr)
$01B6: $D04D:  F: rcall $204 (delay128us)
$01B7: $9A5B:  F: 1 -> p$0B.3 (1 -> rs)
               F: byte1 -> RH  ...
$01B8: $9100:     [$0105] -> r16
$01B9: $0105:  
$01BA: $9300:     r16 -> [$010C]
$01BB: $010C:  
               F: 0 -> Rhed  ...
$01BC: $E000:     $00 -> r16
$01BD: $9300:     r16 -> [$010A]
$01BE: $010A:  
               F: 0 -> Rhdec  ...
$01BF: $9300:     r16 -> [$010B]
$01C0: $010B:  
-----          L: 
               C: if (Rh=0) then goto $01E3 ...
$01C1: $9100:     [$010C] -> r16
$01C2: $010C:  
$01C3: $3000:     r16 = $00
$01C4: $F0F1:     if (Z=1) then goto $1E3
               F: Rh--  ...
$01C5: $9100:     [$010C] -> r16
$01C6: $010C:  
$01C7: $950A:     r16 --
$01C8: $9300:     r16 -> [$010C]
$01C9: $010C:  
               F: Rhed++  ...
$01CA: $9100:     [$010A] -> r16
$01CB: $010A:  
$01CC: $9503:     r16 ++
$01CD: $9300:     r16 -> [$010A]
$01CE: $010A:  
               C: if (Rhed-=$A) then goto $01C1 ...
$01CF: $9100:     [$010A] -> r16
$01D0: $010A:  
$01D1: $300A:     r16 = $0A
$01D2: $F771:     if (Z=0) then goto $1C1
               F: 0 -> Rhed  ...
$01D3: $E000:     $00 -> r16
$01D4: $9300:     r16 -> [$010A]
$01D5: $010A:  
               F: Rhdec++  ...
$01D6: $9100:     [$010B] -> r16
$01D7: $010B:  
$01D8: $9503:     r16 ++
$01D9: $9300:     r16 -> [$010B]
$01DA: $010B:  
               C: if (Rhdec-=$A) then goto $01C1 ...
$01DB: $9100:     [$010B] -> r16
$01DC: $010B:  
$01DD: $300A:     r16 = $0A
$01DE: $F711:     if (Z=0) then goto $1C1
               F: 0 -> Rhdec  ...
$01DF: $E000:     $00 -> r16
$01E0: $9300:     r16 -> [$010B]
$01E1: $010B:  
$01E2: $CFDE:  J: goto $1C1 (RJMP)
-----          L: 
               F: Rhed!$30  ...
$01E3: $9100:     [$010A] -> r16
$01E4: $010A:  
$01E5: $6300:     r16 ! $30
$01E6: $9300:     r16 -> [$010A]
$01E7: $010A:  
               F: Rhdec!$30  ...
$01E8: $9100:     [$010B] -> r16
$01E9: $010B:  
$01EA: $6300:     r16 ! $30
$01EB: $9300:     r16 -> [$010B]
$01EC: $010B:  
$01ED: $9020:  F: [$010B] -> r2 (Rhdec -> charr)
$01EE: $010B:  
$01EF: $DF41:  F: rcall $131 (split_charr)
$01F0: $D013:  F: rcall $204 (delay128us)
$01F1: $9020:  F: [$010A] -> r2 (Rhed -> charr)
$01F2: $010A:  
$01F3: $DF3D:  F: rcall $131 (split_charr)
$01F4: $D00F:  F: rcall $204 (delay128us)
$01F5: $9508:  F: RET (ret)
-----          V: pause20
               F: 0 -> palkan1  ...
$01F6: $E000:     $00 -> r16
$01F7: $9300:     r16 -> [$0101]
$01F8: $0101:  
-----          L: 
               F: palkan1++  ...
$01F9: $9100:     [$0101] -> r16
$01FA: $0101:  
$01FB: $9503:     r16 ++
$01FC: $9300:     r16 -> [$0101]
$01FD: $0101:  
$01FE: $D005:  F: rcall $204 (delay128us)
               C: if (palkan1-=20) then goto $01F9 ...
$01FF: $9100:     [$0101] -> r16
$0200: $0101:  
$0201: $3104:     r16 = $14
$0202: $F7B1:     if (Z=0) then goto $1F9
$0203: $9508:  F: RET (ret)
-----          V: delay128us
$0204: $E000:  S: $00 -> r16 ($00->r16)
$0205: $BD04:  S: r16 -> p$24 (r16->TCCR0A)
$0206: $E002:  S: $02 -> r16 ($02->r16)
$0207: $BD05:  S: r16 -> p$25 (r16->TCCR0B)
               F: 0 -> tim0_ovr  ...
$0208: $EF0E:     $FE -> r16
$0209: $2200:     r0 & r16
-----          L: 
$020A: $FE00:  C: if (r0.0=1 then SKIP (tim0_ovr=0)
$020B: $CFFE:  C: goto $20A (RJMP) (tim0_ovr=0)
$020C: $E000:  S: $00 -> r16 ($00->r16)
$020D: $BD04:  S: r16 -> p$24 (r16->TCCR0A)
$020E: $BD05:  S: r16 -> p$25 (r16->TCCR0B)
$020F: $9508:  F: RET (ret)
-----          V: delay40us
               F: 0 -> palkan  ...
$0210: $E000:     $00 -> r16
$0211: $9300:     r16 -> [$0100]
$0212: $0100:  
-----          L: 
               F: palkan++  ...
$0213: $9100:     [$0100] -> r16
$0214: $0100:  
$0215: $9503:     r16 ++
$0216: $9300:     r16 -> [$0100]
$0217: $0100:  
               C: if (palkan-=62) then goto $0213 ...
$0218: $9100:     [$0100] -> r16
$0219: $0100:  
$021A: $330E:     r16 = $3E
$021B: $F7B9:     if (Z=0) then goto $213
$021C: $9508:  F: RET (ret)
-----          V: Eror
               F: $30 -> charr  ...
$021D: $E300:     $30 -> r16
$021E: $2E20:     r16 -> r2
$021F: $DF11:  F: rcall $131 (split_charr)
$0220: $DFE3:  F: rcall $204 (delay128us)
               F: $30 -> charr  ...
$0221: $E300:     $30 -> r16
$0222: $2E20:     r16 -> r2
$0223: $DF0D:  F: rcall $131 (split_charr)
$0224: $DFDF:  F: rcall $204 (delay128us)
               F: $30 -> charr  ...
$0225: $E300:     $30 -> r16
$0226: $2E20:     r16 -> r2
$0227: $DF09:  F: rcall $131 (split_charr)
$0228: $DFDB:  F: rcall $204 (delay128us)
$0229: $9508:  F: RET (ret)
